<?xml version="1.0" encoding="UTF-8"?>
<testsuites name="Login-Logout" time="9.573" tests="2" failures="0" errors="0">
   <testsuite name="Login-Logout" tests="2" failures="0" errors="0" time="9.573" skipped="0" timestamp="2023-07-19 10:11:11" hostname="MD Rahil - CCLNiranjan" id="Test Suites/NFTrace/Login-Logout">
      <properties>
         <property name="deviceName" value=""/>
         <property name="devicePlatform" value=""/>
         <property name="logFolder" value="C:\\Users\\MD Rahil\\Katalon Studio\\NFTtrace-repo\\Reports\\20230719_101108\\NFTrace\\Login-Logout\\20230719_101108"/>
         <property name="logFiles" value="C:\\Users\\MD Rahil\\Katalon Studio\\NFTtrace-repo\\Reports\\20230719_101108\\NFTrace\\Login-Logout\\20230719_101108\\execution0.log"/>
         <property name="attachments" value=""/>
         <property name="hostName" value="MD Rahil - CCLNiranjan"/>
         <property name="os" value="Windows 10 64bit"/>
         <property name="katalonVersion" value="8.6.5.208"/>
         <property name="browser" value="Chrome 114.0.0.0"/>
         <property name="hostAddress" value="192.168.0.8"/>
         <property name="sessionId" value="f94aca841714963452bdfddd2883c512"/>
         <property name="seleniumVersion" value="3.141.59"/>
         <property name="proxyInformation" value="ProxyInformation { proxyOption=NO_PROXY, proxyServerType=HTTP, username=, password=********, proxyServerAddress=, proxyServerPort=0, executionList=&quot;&quot;, isApplyToDesiredCapabilities=true }"/>
         <property name="platform" value="Windows 10"/>
      </properties>
      <testcase name="Test Cases/NFTrace/Login" time="6.44" classname="Test Cases/NFTrace/Login" status="PASSED">
         <system-out><![CDATA[2023-07-19 10:11:11 - [TEST_CASE][PASSED] - Test Cases/NFTrace/Login: Test Cases/NFTrace/Login

2023-07-19 10:11:12 - [TEST_STEP][PASSED] - openBrowser(""): Browser is opened with url: ''

2023-07-19 10:11:12 - [MESSAGE][INFO] - Starting 'Chrome' driver

2023-07-19 10:11:12 - [MESSAGE][INFO] - Action delay is set to 0 milliseconds

2023-07-19 10:11:14 - [MESSAGE][PASSED] - Browser is opened with url: ''

2023-07-19 10:11:14 - [TEST_STEP][PASSED] - navigateToUrl("https://app.nfttrace.com/login"): Navigate to 'https://app.nfttrace.com/login' successfully

2023-07-19 10:11:15 - [MESSAGE][PASSED] - Navigate to 'https://app.nfttrace.com/login' successfully

2023-07-19 10:11:15 - [TEST_STEP][PASSED] - setText(findTestObject("Object Repository/Page_NFTtrace - Login to Manage and Track Y_f5a9ba/input_Email_email"), "superadmin@chaincodeconsulting.com"): Text 'superadmin@chaincodeconsulting.com' is set on object 'Object Repository/Page_NFTtrace - Login to Manage and Track Y_f5a9ba/input_Email_email'

2023-07-19 10:11:17 - [MESSAGE][PASSED] - Text 'superadmin@chaincodeconsulting.com' is set on object 'Object Repository/Page_NFTtrace - Login to Manage and Track Y_f5a9ba/input_Email_email'

2023-07-19 10:11:17 - [TEST_STEP][PASSED] - setEncryptedText(findTestObject("Object Repository/Page_NFTtrace - Login to Manage and Track Y_f5a9ba/input_Password_password"), "lt7kXPiIKwaT+RdC1Uoh9g=="): Text ****** has been set on object 'Object Repository/Page_NFTtrace - Login to Manage and Track Y_f5a9ba/input_Password_password'

2023-07-19 10:11:17 - [MESSAGE][PASSED] - Text ****** has been set on object 'Object Repository/Page_NFTtrace - Login to Manage and Track Y_f5a9ba/input_Password_password'

2023-07-19 10:11:17 - [TEST_STEP][PASSED] - click(findTestObject("Object Repository/Page_NFTtrace - Login to Manage and Track Y_f5a9ba/button_Login")): Object: 'Object Repository/Page_NFTtrace - Login to Manage and Track Y_f5a9ba/button_Login' is clicked on

2023-07-19 10:11:18 - [MESSAGE][PASSED] - Object: 'Object Repository/Page_NFTtrace - Login to Manage and Track Y_f5a9ba/button_Login' is clicked on]]></system-out>
         <system-err><![CDATA[]]></system-err>
      </testcase>
      <testcase name="Test Cases/NFTrace/Logout" time="2.891" classname="Test Cases/NFTrace/Logout" status="PASSED">
         <system-out><![CDATA[2023-07-19 10:11:18 - [TEST_CASE][PASSED] - Test Cases/NFTrace/Logout: Test Cases/NFTrace/Logout

2023-07-19 10:11:18 - [TEST_STEP][PASSED] - click(findTestObject("Page_NFTtrace - Projects/button_Super Admin")): Object: 'Object Repository/Page_NFTtrace - Projects/button_Super Admin' is clicked on

2023-07-19 10:11:20 - [MESSAGE][PASSED] - Object: 'Object Repository/Page_NFTtrace - Projects/button_Super Admin' is clicked on

2023-07-19 10:11:20 - [TEST_STEP][PASSED] - click(findTestObject("Page_NFTtrace - Projects/button_Logout")): Object: 'Object Repository/Page_NFTtrace - Projects/button_Logout' is clicked on

2023-07-19 10:11:21 - [MESSAGE][PASSED] - Object: 'Object Repository/Page_NFTtrace - Projects/button_Logout' is clicked on]]></system-out>
         <system-err><![CDATA[]]></system-err>
      </testcase>
      <system-out><![CDATA[2023-07-19 10:11:11 - [TEST_SUITE][PASSED] - Login-Logout: Test Cases/NFTrace/Logout]]></system-out>
      <system-err><![CDATA[]]></system-err>
   </testsuite>
</testsuites>
